This file contains any messages produced by compilers while
running configure, to aid debugging if configure makes a mistake.

It was created by gravity-strike configure 1.0, which was
generated by GNU Autoconf 2.72.  Invocation command line was

  $ ./configure

## --------- ##
## Platform. ##
## --------- ##

hostname = gen5
uname -m = x86_64
uname -r = 6.16.10-gentoo-dist
uname -s = Linux
uname -v = #1 SMP PREEMPT_DYNAMIC Thu Oct  2 16:42:19 -00 2025

/usr/bin/uname -p = Intel(R) Core(TM) i5-4300M CPU @ 2.60GHz
/bin/uname -X     = unknown

/bin/arch              = x86_64
/usr/bin/arch -k       = unknown
/usr/convex/getsysinfo = unknown
/usr/bin/hostinfo      = unknown
/bin/machine           = unknown
/usr/bin/oslevel       = unknown
/bin/universe          = unknown

PATH: /usr/local/sbin/
PATH: /usr/local/bin/
PATH: /usr/bin/
PATH: /opt/bin/
PATH: /usr/lib/llvm/21/bin/
PATH: /usr/lib/llvm/20/bin/
PATH: /etc/eselect/wine/bin/
PATH: /home/sblo/venv/bin/


## ----------- ##
## Core tests. ##
## ----------- ##

configure:2572: looking for aux files: compile missing install-sh
configure:2585:  trying ./build-aux/
configure:2614:   ./build-aux/compile found
configure:2614:   ./build-aux/missing found
configure:2596:   ./build-aux/install-sh found
configure:2745: checking for a BSD-compatible install
configure:2819: result: /usr/bin/install -c
configure:2830: checking whether sleep supports fractional seconds
configure:2846: result: yes
configure:2849: checking filesystem timestamp resolution
configure:2984: result: 0.01
configure:2989: checking whether build environment is sane
configure:3034: result: yes
configure:3205: checking for a race-free mkdir -p
configure:3248: result: /usr/bin/mkdir -p
configure:3255: checking for gawk
configure:3276: found /usr/bin/gawk
configure:3288: result: gawk
configure:3299: checking whether make sets $(MAKE)
configure:3323: result: yes
configure:3349: checking whether make supports nested variables
configure:3368: result: yes
configure:3382: checking xargs -n works
configure:3398: result: yes
configure:3483: checking whether UID '1000' is supported by ustar format
configure:3489: result: yes
configure:3496: checking whether GID '1000' is supported by ustar format
configure:3502: result: yes
configure:3510: checking how to create a ustar tar archive
configure:3521: tar --version
tar (GNU tar) 1.35
Copyright (C) 2023 Free Software Foundation, Inc.
License GPLv3+: GNU GPL version 3 or later <https://gnu.org/licenses/gpl.html>.
This is free software: you are free to change and redistribute it.
There is NO WARRANTY, to the extent permitted by law.

Written by John Gilmore and Jay Fenlason.
configure:3524: $? = 0
configure:3564: tardir=conftest.dir && eval tar --format=ustar -chf - "$tardir" >conftest.tar
configure:3567: $? = 0
configure:3571: tar -xf - <conftest.tar
configure:3574: $? = 0
configure:3576: cat conftest.dir/file
GrepMe
configure:3579: $? = 0
configure:3594: result: gnutar
configure:3692: checking for g++
configure:3713: found /usr/bin/g++
configure:3725: result: g++
configure:3752: checking for C++ compiler version
configure:3761: g++ --version >&5
g++ (Gentoo 14.3.1_p20250801 p4) 14.3.1 20250801
Copyright (C) 2024 Free Software Foundation, Inc.
This is free software; see the source for copying conditions.  There is NO
warranty; not even for MERCHANTABILITY or FITNESS FOR A PARTICULAR PURPOSE.

configure:3772: $? = 0
configure:3761: g++ -v >&5
Using built-in specs.
COLLECT_GCC=g++
COLLECT_LTO_WRAPPER=/usr/libexec/gcc/x86_64-pc-linux-gnu/14/lto-wrapper
OFFLOAD_TARGET_NAMES=nvptx-none
OFFLOAD_TARGET_DEFAULT=1
Target: x86_64-pc-linux-gnu
Configured with: /var/tmp/portage/sys-devel/gcc-14.3.1_p20250801/work/gcc-14-20250801/configure --host=x86_64-pc-linux-gnu --build=x86_64-pc-linux-gnu --prefix=/usr --bindir=/usr/x86_64-pc-linux-gnu/gcc-bin/14 --includedir=/usr/lib/gcc/x86_64-pc-linux-gnu/14/include --datadir=/usr/share/gcc-data/x86_64-pc-linux-gnu/14 --mandir=/usr/share/gcc-data/x86_64-pc-linux-gnu/14/man --infodir=/usr/share/gcc-data/x86_64-pc-linux-gnu/14/info --with-gxx-include-dir=/usr/lib/gcc/x86_64-pc-linux-gnu/14/include/g++-v14 --disable-silent-rules --disable-dependency-tracking --with-python-dir=/share/gcc-data/x86_64-pc-linux-gnu/14/python --enable-languages=c,c++,fortran --enable-obsolete --enable-secureplt --disable-werror --with-system-zlib --enable-nls --without-included-gettext --disable-libunwind-exceptions --enable-checking=release --with-bugurl=https://bugs.gentoo.org/ --with-pkgversion='Gentoo 14.3.1_p20250801 p4' --with-gcc-major-version-only --enable-libstdcxx-time --enable-lto --disable-libstdcxx-pch --enable-shared --enable-threads=posix --enable-__cxa_atexit --enable-clocale=gnu --enable-multilib --with-multilib-list=m32,m64 --disable-fixed-point --enable-targets=all --enable-offload-defaulted --enable-offload-targets=nvptx-none --enable-libgomp --disable-libssp --disable-libada --enable-cet --disable-systemtap --disable-valgrind-annotations --disable-vtable-verify --disable-libvtv --with-zstd --without-isl --enable-default-pie --enable-host-pie --enable-host-bind-now --enable-default-ssp --disable-fixincludes --with-gxx-libcxx-include-dir=/usr/include/c++/v1 --with-build-config=bootstrap-cet
Thread model: posix
Supported LTO compression algorithms: zlib zstd
gcc version 14.3.1 20250801 (Gentoo 14.3.1_p20250801 p4) 
... rest of stderr output deleted ...
configure:3772: $? = 0
configure:3761: g++ -V >&5
g++: error: unrecognized command-line option '-V'
g++: fatal error: no input files
compilation terminated.
configure:3772: $? = 1
configure:3761: g++ -qversion >&5
g++: error: unrecognized command-line option '-qversion'; did you mean '--version'?
g++: fatal error: no input files
compilation terminated.
configure:3772: $? = 1
configure:3792: checking whether the C++ compiler works
configure:3814: g++    conftest.cpp  >&5
configure:3818: $? = 0
configure:3869: result: yes
configure:3873: checking for C++ compiler default output file name
configure:3875: result: a.out
configure:3881: checking for suffix of executables
configure:3888: g++ -o conftest    conftest.cpp  >&5
configure:3892: $? = 0
configure:3916: result: 
configure:3940: checking whether we are cross compiling
configure:3948: g++ -o conftest    conftest.cpp  >&5
configure:3952: $? = 0
configure:3959: ./conftest
configure:3963: $? = 0
configure:3978: result: no
configure:3984: checking for suffix of object files
configure:4007: g++ -c   conftest.cpp >&5
configure:4011: $? = 0
configure:4035: result: o
configure:4039: checking whether the compiler supports GNU C++
configure:4059: g++ -c   conftest.cpp >&5
configure:4059: $? = 0
configure:4071: result: yes
configure:4082: checking whether g++ accepts -g
configure:4103: g++ -c -g  conftest.cpp >&5
configure:4103: $? = 0
configure:4150: result: yes
configure:4170: checking for g++ option to enable C++11 features
configure:4185: g++  -c -g -O2  conftest.cpp >&5
conftest.cpp: In function 'int main(int, char**)':
conftest.cpp:177:25: warning: empty parentheses were disambiguated as a function declaration [-Wvexing-parse]
  177 |   cxx11test::delegate d2();
      |                         ^~
conftest.cpp:177:25: note: remove parentheses to default-initialize a variable
  177 |   cxx11test::delegate d2();
      |                         ^~
      |                         --
conftest.cpp:177:25: note: or replace parentheses with braces to value-initialize a variable
configure:4185: $? = 0
configure:4204: result: none needed
configure:4276: checking whether make supports the include directive
configure:4291: make -f confmf.GNU && cat confinc.out
this is the am__doit target
configure:4294: $? = 0
configure:4313: result: yes (GNU style)
configure:4339: checking dependency style of g++
configure:4452: result: gcc3
configure:4530: checking for gcc
configure:4551: found /usr/bin/gcc
configure:4563: result: gcc
configure:4922: checking for C compiler version
configure:4931: gcc --version >&5
gcc (Gentoo 14.3.1_p20250801 p4) 14.3.1 20250801
Copyright (C) 2024 Free Software Foundation, Inc.
This is free software; see the source for copying conditions.  There is NO
warranty; not even for MERCHANTABILITY or FITNESS FOR A PARTICULAR PURPOSE.

configure:4942: $? = 0
configure:4931: gcc -v >&5
Using built-in specs.
COLLECT_GCC=gcc
COLLECT_LTO_WRAPPER=/usr/libexec/gcc/x86_64-pc-linux-gnu/14/lto-wrapper
OFFLOAD_TARGET_NAMES=nvptx-none
OFFLOAD_TARGET_DEFAULT=1
Target: x86_64-pc-linux-gnu
Configured with: /var/tmp/portage/sys-devel/gcc-14.3.1_p20250801/work/gcc-14-20250801/configure --host=x86_64-pc-linux-gnu --build=x86_64-pc-linux-gnu --prefix=/usr --bindir=/usr/x86_64-pc-linux-gnu/gcc-bin/14 --includedir=/usr/lib/gcc/x86_64-pc-linux-gnu/14/include --datadir=/usr/share/gcc-data/x86_64-pc-linux-gnu/14 --mandir=/usr/share/gcc-data/x86_64-pc-linux-gnu/14/man --infodir=/usr/share/gcc-data/x86_64-pc-linux-gnu/14/info --with-gxx-include-dir=/usr/lib/gcc/x86_64-pc-linux-gnu/14/include/g++-v14 --disable-silent-rules --disable-dependency-tracking --with-python-dir=/share/gcc-data/x86_64-pc-linux-gnu/14/python --enable-languages=c,c++,fortran --enable-obsolete --enable-secureplt --disable-werror --with-system-zlib --enable-nls --without-included-gettext --disable-libunwind-exceptions --enable-checking=release --with-bugurl=https://bugs.gentoo.org/ --with-pkgversion='Gentoo 14.3.1_p20250801 p4' --with-gcc-major-version-only --enable-libstdcxx-time --enable-lto --disable-libstdcxx-pch --enable-shared --enable-threads=posix --enable-__cxa_atexit --enable-clocale=gnu --enable-multilib --with-multilib-list=m32,m64 --disable-fixed-point --enable-targets=all --enable-offload-defaulted --enable-offload-targets=nvptx-none --enable-libgomp --disable-libssp --disable-libada --enable-cet --disable-systemtap --disable-valgrind-annotations --disable-vtable-verify --disable-libvtv --with-zstd --without-isl --enable-default-pie --enable-host-pie --enable-host-bind-now --enable-default-ssp --disable-fixincludes --with-gxx-libcxx-include-dir=/usr/include/c++/v1 --with-build-config=bootstrap-cet
Thread model: posix
Supported LTO compression algorithms: zlib zstd
gcc version 14.3.1 20250801 (Gentoo 14.3.1_p20250801 p4) 
... rest of stderr output deleted ...
configure:4942: $? = 0
configure:4931: gcc -V >&5
gcc: error: unrecognized command-line option '-V'
gcc: fatal error: no input files
compilation terminated.
configure:4942: $? = 1
configure:4931: gcc -qversion >&5
gcc: error: unrecognized command-line option '-qversion'; did you mean '--version'?
gcc: fatal error: no input files
compilation terminated.
configure:4942: $? = 1
configure:4931: gcc -version >&5
gcc: error: unrecognized command-line option '-version'
gcc: fatal error: no input files
compilation terminated.
configure:4942: $? = 1
configure:4946: checking whether the compiler supports GNU C
configure:4966: gcc -c   conftest.c >&5
configure:4966: $? = 0
configure:4978: result: yes
configure:4989: checking whether gcc accepts -g
configure:5010: gcc -c -g  conftest.c >&5
configure:5010: $? = 0
configure:5057: result: yes
configure:5077: checking for gcc option to enable C11 features
configure:5092: gcc  -c -g -O2  conftest.c >&5
configure:5092: $? = 0
configure:5111: result: none needed
configure:5235: checking whether gcc understands -c and -o together
configure:5258: gcc -c conftest.c -o conftest2.o
configure:5261: $? = 0
configure:5258: gcc -c conftest.c -o conftest2.o
configure:5261: $? = 0
configure:5277: result: yes
configure:5296: checking dependency style of gcc
configure:5409: result: gcc3
configure:5509: checking for pkg-config
configure:5532: found /usr/bin/pkg-config
configure:5545: result: /usr/bin/pkg-config
configure:5570: checking pkg-config is at least version 0.9.0
configure:5573: result: yes
configure:5586: checking for allegro-5.0 >= 5.0
configure:5593: $PKG_CONFIG --exists --print-errors "allegro-5.0 >= 5.0"
Package allegro-5.0 was not found in the pkg-config search path.
Perhaps you should add the directory containing `allegro-5.0.pc'
to the PKG_CONFIG_PATH environment variable
Package 'allegro-5.0' not found
configure:5596: $? = 1
configure:5610: $PKG_CONFIG --exists --print-errors "allegro-5.0 >= 5.0"
Package allegro-5.0 was not found in the pkg-config search path.
Perhaps you should add the directory containing `allegro-5.0.pc'
to the PKG_CONFIG_PATH environment variable
Package 'allegro-5.0' not found
configure:5613: $? = 1
configure:5627: result: no
Package 'allegro-5.0' not found
configure:5659: checking for allegro-config
configure:5695: result: no
configure:5707: checking for allegro5-config
configure:5743: result: no
configure:5752: error: allegro-config or allegro5-config not found. Please install Allegro 5 development libraries.

## ---------------- ##
## Cache variables. ##
## ---------------- ##

ac_cv_c_compiler_gnu=yes
ac_cv_cxx_compiler_gnu=yes
ac_cv_env_ALLEGRO_ACODEC_CFLAGS_set=
ac_cv_env_ALLEGRO_ACODEC_CFLAGS_value=
ac_cv_env_ALLEGRO_ACODEC_LIBS_set=
ac_cv_env_ALLEGRO_ACODEC_LIBS_value=
ac_cv_env_ALLEGRO_AUDIO_CFLAGS_set=
ac_cv_env_ALLEGRO_AUDIO_CFLAGS_value=
ac_cv_env_ALLEGRO_AUDIO_LIBS_set=
ac_cv_env_ALLEGRO_AUDIO_LIBS_value=
ac_cv_env_ALLEGRO_CFLAGS_set=
ac_cv_env_ALLEGRO_CFLAGS_value=
ac_cv_env_ALLEGRO_IMAGE_CFLAGS_set=
ac_cv_env_ALLEGRO_IMAGE_CFLAGS_value=
ac_cv_env_ALLEGRO_IMAGE_LIBS_set=
ac_cv_env_ALLEGRO_IMAGE_LIBS_value=
ac_cv_env_ALLEGRO_LIBS_set=
ac_cv_env_ALLEGRO_LIBS_value=
ac_cv_env_ALLEGRO_PRIMITIVES_CFLAGS_set=
ac_cv_env_ALLEGRO_PRIMITIVES_CFLAGS_value=
ac_cv_env_ALLEGRO_PRIMITIVES_LIBS_set=
ac_cv_env_ALLEGRO_PRIMITIVES_LIBS_value=
ac_cv_env_ALLEGRO_TTF_CFLAGS_set=
ac_cv_env_ALLEGRO_TTF_CFLAGS_value=
ac_cv_env_ALLEGRO_TTF_LIBS_set=
ac_cv_env_ALLEGRO_TTF_LIBS_value=
ac_cv_env_CCC_set=
ac_cv_env_CCC_value=
ac_cv_env_CC_set=
ac_cv_env_CC_value=
ac_cv_env_CFLAGS_set=
ac_cv_env_CFLAGS_value=
ac_cv_env_CPPFLAGS_set=
ac_cv_env_CPPFLAGS_value=
ac_cv_env_CXXFLAGS_set=
ac_cv_env_CXXFLAGS_value=
ac_cv_env_CXX_set=
ac_cv_env_CXX_value=
ac_cv_env_LDFLAGS_set=
ac_cv_env_LDFLAGS_value=
ac_cv_env_LIBS_set=
ac_cv_env_LIBS_value=
ac_cv_env_PKG_CONFIG_LIBDIR_set=
ac_cv_env_PKG_CONFIG_LIBDIR_value=
ac_cv_env_PKG_CONFIG_PATH_set=
ac_cv_env_PKG_CONFIG_PATH_value=
ac_cv_env_PKG_CONFIG_set=
ac_cv_env_PKG_CONFIG_value=
ac_cv_env_build_alias_set=
ac_cv_env_build_alias_value=
ac_cv_env_host_alias_set=
ac_cv_env_host_alias_value=
ac_cv_env_target_alias_set=
ac_cv_env_target_alias_value=
ac_cv_objext=o
ac_cv_path_ac_pt_PKG_CONFIG=/usr/bin/pkg-config
ac_cv_path_install='/usr/bin/install -c'
ac_cv_path_mkdir=/usr/bin/mkdir
ac_cv_prog_AWK=gawk
ac_cv_prog_ac_ct_CC=gcc
ac_cv_prog_ac_ct_CXX=g++
ac_cv_prog_cc_c11=
ac_cv_prog_cc_g=yes
ac_cv_prog_cc_stdc=
ac_cv_prog_cxx_cxx11=
ac_cv_prog_cxx_g=yes
ac_cv_prog_cxx_stdcxx=
ac_cv_prog_make_make_set=yes
am_cv_CC_dependencies_compiler_type=gcc3
am_cv_CXX_dependencies_compiler_type=gcc3
am_cv_filesystem_timestamp_resolution=0.01
am_cv_make_support_nested_variables=yes
am_cv_prog_cc_c_o=yes
am_cv_prog_tar_ustar=gnutar
am_cv_sleep_fractional_seconds=yes
am_cv_xargs_n_works=yes

## ----------------- ##
## Output variables. ##
## ----------------- ##

ACLOCAL='${SHELL} '\''/home/sblo/CodexSandbox/gravity/build-aux/missing'\'' aclocal-1.18'
ALLEGRO5_CONFIG=''
ALLEGRO_ACODEC_CFLAGS=''
ALLEGRO_ACODEC_LIBS=''
ALLEGRO_AUDIO_CFLAGS=''
ALLEGRO_AUDIO_LIBS=''
ALLEGRO_CFLAGS=''
ALLEGRO_CONFIG=''
ALLEGRO_IMAGE_CFLAGS=''
ALLEGRO_IMAGE_LIBS=''
ALLEGRO_LIBS=''
ALLEGRO_PRIMITIVES_CFLAGS=''
ALLEGRO_PRIMITIVES_LIBS=''
ALLEGRO_TTF_CFLAGS=''
ALLEGRO_TTF_LIBS=''
ALLEGTTFCFLAGS=''
ALLEGTTFLIBS=''
AMDEPBACKSLASH='\'
AMDEP_FALSE='#'
AMDEP_TRUE=''
AMTAR='$${TAR-tar}'
AM_BACKSLASH='\'
AM_DEFAULT_V=''
AM_DEFAULT_VERBOSITY='1'
AM_V=''
AUTOCONF='${SHELL} '\''/home/sblo/CodexSandbox/gravity/build-aux/missing'\'' autoconf'
AUTOHEADER='${SHELL} '\''/home/sblo/CodexSandbox/gravity/build-aux/missing'\'' autoheader'
AUTOMAKE='${SHELL} '\''/home/sblo/CodexSandbox/gravity/build-aux/missing'\'' automake-1.18'
AWK='gawk'
CC='gcc'
CCDEPMODE='depmode=gcc3'
CFLAGS='-g -O2'
CPPFLAGS=''
CSCOPE='cscope'
CTAGS='ctags'
CXX='g++'
CXXDEPMODE='depmode=gcc3'
CXXFLAGS='-g -O2'
CYGPATH_W='echo'
DEFS=''
DEPDIR='.deps'
ECHO_C=''
ECHO_N='-n'
ECHO_T=''
ETAGS='etags'
EXEEXT=''
INSTALL_DATA='${INSTALL} -m 644'
INSTALL_PROGRAM='${INSTALL}'
INSTALL_SCRIPT='${INSTALL}'
INSTALL_STRIP_PROGRAM='$(install_sh) -c -s'
LDFLAGS=''
LIBOBJS=''
LIBS=''
LTLIBOBJS=''
MAKEINFO='${SHELL} '\''/home/sblo/CodexSandbox/gravity/build-aux/missing'\'' makeinfo'
MKDIR_P='/usr/bin/mkdir -p'
OBJEXT='o'
PACKAGE='gravity-strike'
PACKAGE_BUGREPORT='jh@gravity-strike.de'
PACKAGE_NAME='gravity-strike'
PACKAGE_STRING='gravity-strike 1.0'
PACKAGE_TARNAME='gravity-strike'
PACKAGE_URL=''
PACKAGE_VERSION='1.0'
PATH_SEPARATOR=':'
PKG_CONFIG='/usr/bin/pkg-config'
PKG_CONFIG_LIBDIR=''
PKG_CONFIG_PATH=''
SET_MAKE=''
SHELL='/bin/sh'
STRIP=''
VERSION='1.0'
ac_ct_CC='gcc'
ac_ct_CXX='g++'
am__EXEEXT_FALSE=''
am__EXEEXT_TRUE=''
am__fastdepCC_FALSE='#'
am__fastdepCC_TRUE=''
am__fastdepCXX_FALSE='#'
am__fastdepCXX_TRUE=''
am__include='include'
am__isrc=''
am__leading_dot='.'
am__nodep='_no'
am__quote=''
am__rm_f_notfound=''
am__tar='tar --format=ustar -chf - "$$tardir"'
am__untar='tar -xf -'
am__xargs_n='xargs -n'
bindir='${exec_prefix}/bin'
build_alias=''
datadir='${datarootdir}'
datarootdir='${prefix}/share'
docdir='${datarootdir}/doc/${PACKAGE_TARNAME}'
dvidir='${docdir}'
exec_prefix='NONE'
host_alias=''
htmldir='${docdir}'
includedir='${prefix}/include'
infodir='${datarootdir}/info'
install_sh='${SHELL} /home/sblo/CodexSandbox/gravity/build-aux/install-sh'
libdir='${exec_prefix}/lib'
libexecdir='${exec_prefix}/libexec'
localedir='${datarootdir}/locale'
localstatedir='${prefix}/var'
mandir='${datarootdir}/man'
mkdir_p='$(MKDIR_P)'
oldincludedir='/usr/include'
pdfdir='${docdir}'
prefix='NONE'
program_transform_name='s,x,x,'
psdir='${docdir}'
runstatedir='${localstatedir}/run'
sbindir='${exec_prefix}/sbin'
sharedstatedir='${prefix}/com'
sysconfdir='${prefix}/etc'
target_alias=''

## ----------- ##
## confdefs.h. ##
## ----------- ##

/* confdefs.h */
#define PACKAGE_NAME "gravity-strike"
#define PACKAGE_TARNAME "gravity-strike"
#define PACKAGE_VERSION "1.0"
#define PACKAGE_STRING "gravity-strike 1.0"
#define PACKAGE_BUGREPORT "jh@gravity-strike.de"
#define PACKAGE_URL ""
#define PACKAGE "gravity-strike"
#define VERSION "1.0"

configure: exit 1
